This is XeTeX, Version 3.141592653-2.6-0.999996 (TeX Live 2024) (preloaded format=xelatex 2024.5.24)  24 JUN 2024 19:35
entering extended mode
 restricted \write18 enabled.
 file:line:error style messages enabled.
 %&-line parsing enabled.
**d:/test/diplom/note/diploma/note/note.tex
(d:/test/diplom/note/diploma/note/note.tex
LaTeX2e <2023-11-01> patch level 1
L3 programming layer <2024-05-08>
(d:/texlive/2024/texmf-dist/tex/latex/base/article.cls
Document Class: article 2023/05/17 v1.4n Standard LaTeX document class
(d:/texlive/2024/texmf-dist/tex/latex/base/size10.clo
File: size10.clo 2023/05/17 v1.4n Standard LaTeX file (size option)
)
\c@part=\count185
\c@section=\count186
\c@subsection=\count187
\c@subsubsection=\count188
\c@paragraph=\count189
\c@subparagraph=\count190
\c@figure=\count191
\c@table=\count192
\abovecaptionskip=\skip48
\belowcaptionskip=\skip49
\bibindent=\dimen140
) (d:/texlive/2024/texmf-dist/tex/latex/geometry/geometry.sty
Package: geometry 2020/01/02 v5.9 Page Geometry
 (d:/texlive/2024/texmf-dist/tex/latex/graphics/keyval.sty
Package: keyval 2022/05/29 v1.15 key=value parser (DPC)
\KV@toks@=\toks17
) (d:/texlive/2024/texmf-dist/tex/generic/iftex/ifvtex.sty
Package: ifvtex 2019/10/25 v1.7 ifvtex legacy package. Use iftex instead.
 (d:/texlive/2024/texmf-dist/tex/generic/iftex/iftex.sty
Package: iftex 2022/02/03 v1.0f TeX engine tests
))
\Gm@cnth=\count193
\Gm@cntv=\count194
\c@Gm@tempcnt=\count195
\Gm@bindingoffset=\dimen141
\Gm@wd@mp=\dimen142
\Gm@odd@mp=\dimen143
\Gm@even@mp=\dimen144
\Gm@layoutwidth=\dimen145
\Gm@layoutheight=\dimen146
\Gm@layouthoffset=\dimen147
\Gm@layoutvoffset=\dimen148
\Gm@dimlist=\toks18
) (d:/texlive/2024/texmf-dist/tex/latex/lipsum/lipsum.sty (d:/texlive/2024/texmf-dist/tex/latex/l3packages/l3keys2e/l3keys2e.sty (d:/texlive/2024/texmf-dist/tex/latex/l3kernel/expl3.sty
Package: expl3 2024-05-08 L3 programming layer (loader) 
 (d:/texlive/2024/texmf-dist/tex/latex/l3backend/l3backend-xetex.def
File: l3backend-xetex.def 2024-05-08 L3 backend support: XeTeX
\g__graphics_track_int=\count196
\l__pdf_internal_box=\box51
\g__pdf_backend_annotation_int=\count197
\g__pdf_backend_link_int=\count198
))
Package: l3keys2e 2024-05-08 LaTeX2e option processing using LaTeX3 keys
)
Package: lipsum 2021-09-20 v2.7 150 paragraphs of Lorem Ipsum dummy text
\g__lipsum_par_int=\count199
\l__lipsum_a_int=\count266
\l__lipsum_b_int=\count267
 (d:/texlive/2024/texmf-dist/tex/latex/lipsum/lipsum.ltd.tex)) (d:/texlive/2024/texmf-dist/tex/latex/fancyhdr/fancyhdr.sty
Package: fancyhdr 2024/04/23 v4.2 Extensive control of page headers and footers
\f@nch@headwidth=\skip50
\f@nch@O@elh=\skip51
\f@nch@O@erh=\skip52
\f@nch@O@olh=\skip53
\f@nch@O@orh=\skip54
\f@nch@O@elf=\skip55
\f@nch@O@erf=\skip56
\f@nch@O@olf=\skip57
\f@nch@O@orf=\skip58
) (d:/texlive/2024/texmf-dist/tex/latex/fontspec/fontspec.sty (d:/texlive/2024/texmf-dist/tex/latex/l3packages/xparse/xparse.sty
Package: xparse 2024-05-08 L3 Experimental document command parser
)
Package: fontspec 2024/05/11 v2.9e Font selection for XeLaTeX and LuaLaTeX
 (d:/texlive/2024/texmf-dist/tex/latex/fontspec/fontspec-xetex.sty
Package: fontspec-xetex 2024/05/11 v2.9e Font selection for XeLaTeX and LuaLaTeX
\l__fontspec_script_int=\count268
\l__fontspec_language_int=\count269
\l__fontspec_strnum_int=\count270
\l__fontspec_tmp_int=\count271
\l__fontspec_tmpa_int=\count272
\l__fontspec_tmpb_int=\count273
\l__fontspec_tmpc_int=\count274
\l__fontspec_em_int=\count275
\l__fontspec_emdef_int=\count276
\l__fontspec_strong_int=\count277
\l__fontspec_strongdef_int=\count278
\l__fontspec_tmpa_dim=\dimen149
\l__fontspec_tmpb_dim=\dimen150
\l__fontspec_tmpc_dim=\dimen151
 (d:/texlive/2024/texmf-dist/tex/latex/base/fontenc.sty
Package: fontenc 2021/04/29 v2.0v Standard LaTeX package
) (d:/texlive/2024/texmf-dist/tex/latex/fontspec/fontspec.cfg))) (d:/texlive/2024/texmf-dist/tex/latex/setspace/setspace.sty
Package: setspace 2022/12/04 v6.7b set line spacing
) (d:/texlive/2024/texmf-dist/tex/generic/ulem/ulem.sty
\UL@box=\box52
\UL@hyphenbox=\box53
\UL@skip=\skip59
\UL@hook=\toks19
\UL@height=\dimen152
\UL@pe=\count279
\UL@pixel=\dimen153
\ULC@box=\box54
Package: ulem 2019/11/18
\ULdepth=\dimen154
) (d:/texlive/2024/texmf-dist/tex/latex/tools/indentfirst.sty
Package: indentfirst 2023/07/02 v1.03 Indent first paragraph (DPC)
) (d:/texlive/2024/texmf-dist/tex/generic/babel/babel.sty
Package: babel 2024/05/18 v24.5 The Babel package
\babel@savecnt=\count280
\U@D=\dimen155
\l@unhyphenated=\language89
 (d:/texlive/2024/texmf-dist/tex/generic/babel/xebabel.def)
\bbl@readstream=\read2
\bbl@dirlevel=\count281
 (d:/texlive/2024/texmf-dist/tex/generic/babel-english/english.ldf
Language: english 2017/06/06 v3.3r English support from the babel system
Package babel Info: Hyphen rules for 'canadian' set to \l@english
(babel)             (\language0). Reported on input line 102.
Package babel Info: Hyphen rules for 'australian' set to \l@ukenglish
(babel)             (\language23). Reported on input line 105.
Package babel Info: Hyphen rules for 'newzealand' set to \l@ukenglish
(babel)             (\language23). Reported on input line 108.
) (d:/texlive/2024/texmf-dist/tex/generic/babel-russian/russianb.ldf
File: russianb.ldf 2021/01/10 1.3m Russian support for the Babel system
Language: russian 2020/09/09 1.3k Russian support for the Babel system
Package babel Info: Making " an active character on input line 124.
Package babel Info: Default for \cyrdash is provided on input line 163.
)) (d:/texlive/2024/texmf-dist/tex/generic/babel/locale/ru/babel-russian.tex
Package babel Info: Importing font and identification data for russian
(babel)             from babel-ru.ini. Reported on input line 11.
) (d:/texlive/2024/texmf-dist/tex/generic/babel/locale/en/babel-english.tex
Package babel Info: Importing font and identification data for english
(babel)             from babel-en.ini. Reported on input line 11.
) (d:/texlive/2024/texmf-dist/tex/latex/hyperref/hyperref.sty
Package: hyperref 2024-01-20 v7.01h Hypertext links for LaTeX
 (d:/texlive/2024/texmf-dist/tex/latex/kvsetkeys/kvsetkeys.sty
Package: kvsetkeys 2022-10-05 v1.19 Key value parser (HO)
) (d:/texlive/2024/texmf-dist/tex/generic/kvdefinekeys/kvdefinekeys.sty
Package: kvdefinekeys 2019-12-19 v1.6 Define keys (HO)
) (d:/texlive/2024/texmf-dist/tex/generic/pdfescape/pdfescape.sty
Package: pdfescape 2019/12/09 v1.15 Implements pdfTeX's escape features (HO)
 (d:/texlive/2024/texmf-dist/tex/generic/ltxcmds/ltxcmds.sty
Package: ltxcmds 2023-12-04 v1.26 LaTeX kernel commands for general use (HO)
) (d:/texlive/2024/texmf-dist/tex/generic/pdftexcmds/pdftexcmds.sty
Package: pdftexcmds 2020-06-27 v0.33 Utility functions of pdfTeX for LuaTeX (HO)
 (d:/texlive/2024/texmf-dist/tex/generic/infwarerr/infwarerr.sty
Package: infwarerr 2019/12/03 v1.5 Providing info/warning/error messages (HO)
)
Package pdftexcmds Info: \pdf@primitive is available.
Package pdftexcmds Info: \pdf@ifprimitive is available.
Package pdftexcmds Info: \pdfdraftmode not found.
)) (d:/texlive/2024/texmf-dist/tex/latex/hycolor/hycolor.sty
Package: hycolor 2020-01-27 v1.10 Color options for hyperref/bookmark (HO)
) (d:/texlive/2024/texmf-dist/tex/latex/auxhook/auxhook.sty
Package: auxhook 2019-12-17 v1.6 Hooks for auxiliary files (HO)
) (d:/texlive/2024/texmf-dist/tex/latex/hyperref/nameref.sty
Package: nameref 2023-11-26 v2.56 Cross-referencing by name of section
 (d:/texlive/2024/texmf-dist/tex/latex/refcount/refcount.sty
Package: refcount 2019/12/15 v3.6 Data extraction from label references (HO)
) (d:/texlive/2024/texmf-dist/tex/generic/gettitlestring/gettitlestring.sty
Package: gettitlestring 2019/12/15 v1.6 Cleanup title references (HO)
 (d:/texlive/2024/texmf-dist/tex/latex/kvoptions/kvoptions.sty
Package: kvoptions 2022-06-15 v3.15 Key value format for package options (HO)
))
\c@section@level=\count282
) (d:/texlive/2024/texmf-dist/tex/latex/etoolbox/etoolbox.sty
Package: etoolbox 2020/10/05 v2.5k e-TeX tools for LaTeX (JAW)
\etb@tempcnta=\count283
)
\@linkdim=\dimen156
\Hy@linkcounter=\count284
\Hy@pagecounter=\count285
 (d:/texlive/2024/texmf-dist/tex/latex/hyperref/pd1enc.def
File: pd1enc.def 2024-01-20 v7.01h Hyperref: PDFDocEncoding definition (HO)
) (d:/texlive/2024/texmf-dist/tex/generic/intcalc/intcalc.sty
Package: intcalc 2019/12/15 v1.3 Expandable calculations with integers (HO)
)
\Hy@SavedSpaceFactor=\count286
 (d:/texlive/2024/texmf-dist/tex/latex/hyperref/puenc.def
File: puenc.def 2024-01-20 v7.01h Hyperref: PDF Unicode definition (HO)
)
Package hyperref Info: Option `unicode' set `true' on input line 3165.
Package hyperref Info: Hyper figures OFF on input line 4179.
Package hyperref Info: Link nesting OFF on input line 4184.
Package hyperref Info: Hyper index ON on input line 4187.
Package hyperref Info: Plain pages OFF on input line 4194.
Package hyperref Info: Backreferencing OFF on input line 4199.
Package hyperref Info: Implicit mode ON; LaTeX internals redefined.
Package hyperref Info: Bookmarks ON on input line 4446.
\c@Hy@tempcnt=\count287
 (d:/texlive/2024/texmf-dist/tex/latex/url/url.sty
\Urlmuskip=\muskip16
Package: url 2013/09/16  ver 3.4  Verb mode for urls, etc.
)
LaTeX Info: Redefining \url on input line 4784.
\XeTeXLinkMargin=\dimen157
 (d:/texlive/2024/texmf-dist/tex/generic/bitset/bitset.sty
Package: bitset 2019/12/09 v1.3 Handle bit-vector datatype (HO)
 (d:/texlive/2024/texmf-dist/tex/generic/bigintcalc/bigintcalc.sty
Package: bigintcalc 2019/12/15 v1.5 Expandable calculations on big integers (HO)
))
\Fld@menulength=\count288
\Field@Width=\dimen158
\Fld@charsize=\dimen159
Package hyperref Info: Hyper figures OFF on input line 6063.
Package hyperref Info: Link nesting OFF on input line 6068.
Package hyperref Info: Hyper index ON on input line 6071.
Package hyperref Info: backreferencing OFF on input line 6078.
Package hyperref Info: Link coloring OFF on input line 6083.
Package hyperref Info: Link coloring with OCG OFF on input line 6088.
Package hyperref Info: PDF/A mode OFF on input line 6093.
 (d:/texlive/2024/texmf-dist/tex/latex/base/atbegshi-ltx.sty
Package: atbegshi-ltx 2021/01/10 v1.0c Emulation of the original atbegshi
package with kernel methods
)
\Hy@abspage=\count289
\c@Item=\count290
\c@Hfootnote=\count291
)
Package hyperref Info: Driver (autodetected): hxetex.
 (d:/texlive/2024/texmf-dist/tex/latex/hyperref/hxetex.def
File: hxetex.def 2024-01-20 v7.01h Hyperref driver for XeTeX
 (d:/texlive/2024/texmf-dist/tex/generic/stringenc/stringenc.sty
Package: stringenc 2019/11/29 v1.12 Convert strings between diff. encodings (HO)
)
\pdfm@box=\box55
\c@Hy@AnnotLevel=\count292
\HyField@AnnotCount=\count293
\Fld@listcount=\count294
\c@bookmark@seq@number=\count295
 (d:/texlive/2024/texmf-dist/tex/latex/rerunfilecheck/rerunfilecheck.sty
Package: rerunfilecheck 2022-07-10 v1.10 Rerun checks for auxiliary files (HO)
 (d:/texlive/2024/texmf-dist/tex/latex/base/atveryend-ltx.sty
Package: atveryend-ltx 2020/08/19 v1.0a Emulation of the original atveryend package
with kernel methods
) (d:/texlive/2024/texmf-dist/tex/generic/uniquecounter/uniquecounter.sty
Package: uniquecounter 2019/12/15 v1.4 Provide unlimited unique counter (HO)
)
Package uniquecounter Info: New unique counter `rerunfilecheck' on input line 285.
)
\Hy@SectionHShift=\skip60
) (d:/texlive/2024/texmf-dist/tex/latex/graphics/graphicx.sty
Package: graphicx 2021/09/16 v1.2d Enhanced LaTeX Graphics (DPC,SPQR)
 (d:/texlive/2024/texmf-dist/tex/latex/graphics/graphics.sty
Package: graphics 2022/03/10 v1.4e Standard LaTeX Graphics (DPC,SPQR)
 (d:/texlive/2024/texmf-dist/tex/latex/graphics/trig.sty
Package: trig 2021/08/11 v1.11 sin cos tan (DPC)
) (d:/texlive/2024/texmf-dist/tex/latex/graphics-cfg/graphics.cfg
File: graphics.cfg 2016/06/04 v1.11 sample graphics configuration
)
Package graphics Info: Driver file: xetex.def on input line 107.
 (d:/texlive/2024/texmf-dist/tex/latex/graphics-def/xetex.def
File: xetex.def 2022/09/22 v5.0n Graphics/color driver for xetex
))
\Gin@req@height=\dimen160
\Gin@req@width=\dimen161
) (d:/texlive/2024/texmf-dist/tex/latex/amsmath/amsmath.sty
Package: amsmath 2023/05/13 v2.17o AMS math features
\@mathmargin=\skip61

For additional information on amsmath, use the `?' option.
(d:/texlive/2024/texmf-dist/tex/latex/amsmath/amstext.sty
Package: amstext 2021/08/26 v2.01 AMS text
 (d:/texlive/2024/texmf-dist/tex/latex/amsmath/amsgen.sty
File: amsgen.sty 1999/11/30 v2.0 generic functions
\@emptytoks=\toks20
\ex@=\dimen162
)) (d:/texlive/2024/texmf-dist/tex/latex/amsmath/amsbsy.sty
Package: amsbsy 1999/11/29 v1.2d Bold Symbols
\pmbraise@=\dimen163
) (d:/texlive/2024/texmf-dist/tex/latex/amsmath/amsopn.sty
Package: amsopn 2022/04/08 v2.04 operator names
)
\inf@bad=\count296
LaTeX Info: Redefining \frac on input line 234.
\uproot@=\count297
\leftroot@=\count298
LaTeX Info: Redefining \overline on input line 399.
LaTeX Info: Redefining \colon on input line 410.
\classnum@=\count299
\DOTSCASE@=\count300
LaTeX Info: Redefining \ldots on input line 496.
LaTeX Info: Redefining \dots on input line 499.
LaTeX Info: Redefining \cdots on input line 620.
\Mathstrutbox@=\box56
\strutbox@=\box57
LaTeX Info: Redefining \big on input line 722.
LaTeX Info: Redefining \Big on input line 723.
LaTeX Info: Redefining \bigg on input line 724.
LaTeX Info: Redefining \Bigg on input line 725.
\big@size=\dimen164
LaTeX Font Info:    Redeclaring font encoding OML on input line 743.
LaTeX Font Info:    Redeclaring font encoding OMS on input line 744.
\macc@depth=\count301
LaTeX Info: Redefining \bmod on input line 905.
LaTeX Info: Redefining \pmod on input line 910.
LaTeX Info: Redefining \smash on input line 940.
LaTeX Info: Redefining \relbar on input line 970.
LaTeX Info: Redefining \Relbar on input line 971.
\c@MaxMatrixCols=\count302
\dotsspace@=\muskip17
\c@parentequation=\count303
\dspbrk@lvl=\count304
\tag@help=\toks21
\row@=\count305
\column@=\count306
\maxfields@=\count307
\andhelp@=\toks22
\eqnshift@=\dimen165
\alignsep@=\dimen166
\tagshift@=\dimen167
\tagwidth@=\dimen168
\totwidth@=\dimen169
\lineht@=\dimen170
\@envbody=\toks23
\multlinegap=\skip62
\multlinetaggap=\skip63
\mathdisplay@stack=\toks24
LaTeX Info: Redefining \[ on input line 2953.
LaTeX Info: Redefining \] on input line 2954.
) (d:/texlive/2024/texmf-dist/tex/latex/totcount/totcount.sty
Package: totcount 2011/01/25 v1.2 package for gettingthe total value of LaTeX counters
) (d:/texlive/2024/texmf-dist/tex/latex/tools/calc.sty
Package: calc 2023/07/08 v4.3 Infix arithmetic (KKT,FJ)
\calc@Acount=\count308
\calc@Bcount=\count309
\calc@Adimen=\dimen171
\calc@Bdimen=\dimen172
\calc@Askip=\skip64
\calc@Bskip=\skip65
LaTeX Info: Redefining \setlength on input line 80.
LaTeX Info: Redefining \addtolength on input line 81.
\calc@Ccount=\count310
\calc@Cskip=\skip66
) (d:/texlive/2024/texmf-dist/tex/latex/tools/tabularx.sty
Package: tabularx 2023/07/08 v2.11c `tabularx' package (DPC)
 (d:/texlive/2024/texmf-dist/tex/latex/tools/array.sty
Package: array 2023/10/16 v2.5g Tabular extension package (FMi)
\col@sep=\dimen173
\ar@mcellbox=\box58
\extrarowheight=\dimen174
\NC@list=\toks25
\extratabsurround=\skip67
\backup@length=\skip68
\ar@cellbox=\box59
)
\TX@col@width=\dimen175
\TX@old@table=\dimen176
\TX@old@col=\dimen177
\TX@target=\dimen178
\TX@delta=\dimen179
\TX@cols=\count311
\TX@ftn=\toks26
) (d:/texlive/2024/texmf-dist/tex/latex/base/ifthen.sty
Package: ifthen 2022/04/13 v1.1d Standard LaTeX ifthen package (DPC)
) (d:/texlive/2024/texmf-dist/tex/latex/threeparttable/threeparttable.sty
Package: threeparttable 2003/06/13  v 3.0
\@tempboxb=\box60
) (d:/texlive/2024/texmf-dist/tex/latex/float/float.sty
Package: float 2001/11/08 v1.3d Float enhancements (AL)
\c@float@type=\count312
\float@exts=\toks27
\float@box=\box61
\@float@everytoks=\toks28
\@floatcapt=\box62
)

Package fontspec Info: 
(fontspec)             Font family 'TimesNewRoman(0)' created for font 'Times
(fontspec)             New Roman' with options [Ligatures=TeX].
(fontspec)              
(fontspec)              This font family consists of the following NFSS
(fontspec)             series/shapes:
(fontspec)              
(fontspec)             - 'normal' (m/n) with NFSS spec.: <->"Times New
(fontspec)             Roman/OT:script=latn;language=dflt;mapping=tex-text;"
(fontspec)             - 'small caps'  (m/sc) with NFSS spec.: <->"Times New
(fontspec)             Roman/OT:script=latn;language=dflt;+smcp;mapping=tex-text;"
(fontspec)             - 'bold' (b/n) with NFSS spec.: <->"Times New
(fontspec)             Roman/B/OT:script=latn;language=dflt;mapping=tex-text;"
(fontspec)             - 'bold small caps'  (b/sc) with NFSS spec.: <->"Times
(fontspec)             New
(fontspec)             Roman/B/OT:script=latn;language=dflt;+smcp;mapping=tex-text;"
(fontspec)             - 'italic' (m/it) with NFSS spec.: <->"Times New
(fontspec)             Roman/I/OT:script=latn;language=dflt;mapping=tex-text;"
(fontspec)             - 'italic small caps'  (m/scit) with NFSS spec.:
(fontspec)             <->"Times New
(fontspec)             Roman/I/OT:script=latn;language=dflt;+smcp;mapping=tex-text;"
(fontspec)             - 'bold italic' (b/it) with NFSS spec.: <->"Times New
(fontspec)             Roman/BI/OT:script=latn;language=dflt;mapping=tex-text;"
(fontspec)             - 'bold italic small caps'  (b/scit) with NFSS spec.:
(fontspec)             <->"Times New
(fontspec)             Roman/BI/OT:script=latn;language=dflt;+smcp;mapping=tex-text;"

 (./constants.tex) (../frames.tex (d:/texlive/2024/texmf-dist/tex/latex/pgf/frontendlayer/tikz.sty (d:/texlive/2024/texmf-dist/tex/latex/pgf/basiclayer/pgf.sty (d:/texlive/2024/texmf-dist/tex/latex/pgf/utilities/pgfrcs.sty (d:/texlive/2024/texmf-dist/tex/generic/pgf/utilities/pgfutil-common.tex
\pgfutil@everybye=\toks29
\pgfutil@tempdima=\dimen180
\pgfutil@tempdimb=\dimen181
) (d:/texlive/2024/texmf-dist/tex/generic/pgf/utilities/pgfutil-latex.def
\pgfutil@abb=\box63
) (d:/texlive/2024/texmf-dist/tex/generic/pgf/utilities/pgfrcs.code.tex (d:/texlive/2024/texmf-dist/tex/generic/pgf/pgf.revision.tex)
Package: pgfrcs 2023-01-15 v3.1.10 (3.1.10)
))
Package: pgf 2023-01-15 v3.1.10 (3.1.10)
 (d:/texlive/2024/texmf-dist/tex/latex/pgf/basiclayer/pgfcore.sty (d:/texlive/2024/texmf-dist/tex/latex/pgf/systemlayer/pgfsys.sty (d:/texlive/2024/texmf-dist/tex/generic/pgf/systemlayer/pgfsys.code.tex
Package: pgfsys 2023-01-15 v3.1.10 (3.1.10)
 (d:/texlive/2024/texmf-dist/tex/generic/pgf/utilities/pgfkeys.code.tex
\pgfkeys@pathtoks=\toks30
\pgfkeys@temptoks=\toks31
 (d:/texlive/2024/texmf-dist/tex/generic/pgf/utilities/pgfkeyslibraryfiltered.code.tex
\pgfkeys@tmptoks=\toks32
))
\pgf@x=\dimen182
\pgf@y=\dimen183
\pgf@xa=\dimen184
\pgf@ya=\dimen185
\pgf@xb=\dimen186
\pgf@yb=\dimen187
\pgf@xc=\dimen188
\pgf@yc=\dimen189
\pgf@xd=\dimen190
\pgf@yd=\dimen191
\w@pgf@writea=\write3
\r@pgf@reada=\read3
\c@pgf@counta=\count313
\c@pgf@countb=\count314
\c@pgf@countc=\count315
\c@pgf@countd=\count316
\t@pgf@toka=\toks33
\t@pgf@tokb=\toks34
\t@pgf@tokc=\toks35
\pgf@sys@id@count=\count317
 (d:/texlive/2024/texmf-dist/tex/generic/pgf/systemlayer/pgf.cfg
File: pgf.cfg 2023-01-15 v3.1.10 (3.1.10)
)
Driver file for pgf: pgfsys-xetex.def
 (d:/texlive/2024/texmf-dist/tex/generic/pgf/systemlayer/pgfsys-xetex.def
File: pgfsys-xetex.def 2023-01-15 v3.1.10 (3.1.10)
 (d:/texlive/2024/texmf-dist/tex/generic/pgf/systemlayer/pgfsys-dvipdfmx.def
File: pgfsys-dvipdfmx.def 2023-01-15 v3.1.10 (3.1.10)
 (d:/texlive/2024/texmf-dist/tex/generic/pgf/systemlayer/pgfsys-common-pdf.def
File: pgfsys-common-pdf.def 2023-01-15 v3.1.10 (3.1.10)
)
\pgfsys@objnum=\count318
))) (d:/texlive/2024/texmf-dist/tex/generic/pgf/systemlayer/pgfsyssoftpath.code.tex
File: pgfsyssoftpath.code.tex 2023-01-15 v3.1.10 (3.1.10)
\pgfsyssoftpath@smallbuffer@items=\count319
\pgfsyssoftpath@bigbuffer@items=\count320
) (d:/texlive/2024/texmf-dist/tex/generic/pgf/systemlayer/pgfsysprotocol.code.tex
File: pgfsysprotocol.code.tex 2023-01-15 v3.1.10 (3.1.10)
)) (d:/texlive/2024/texmf-dist/tex/latex/xcolor/xcolor.sty
Package: xcolor 2023/11/15 v3.01 LaTeX color extensions (UK)
 (d:/texlive/2024/texmf-dist/tex/latex/graphics-cfg/color.cfg
File: color.cfg 2016/01/02 v1.6 sample color configuration
)
Package xcolor Info: Driver file: xetex.def on input line 274.
 (d:/texlive/2024/texmf-dist/tex/latex/graphics/mathcolor.ltx)
Package xcolor Info: Model `cmy' substituted by `cmy0' on input line 1350.
Package xcolor Info: Model `RGB' extended on input line 1366.
Package xcolor Info: Model `HTML' substituted by `rgb' on input line 1368.
Package xcolor Info: Model `Hsb' substituted by `hsb' on input line 1369.
Package xcolor Info: Model `tHsb' substituted by `hsb' on input line 1370.
Package xcolor Info: Model `HSB' substituted by `hsb' on input line 1371.
Package xcolor Info: Model `Gray' substituted by `gray' on input line 1372.
Package xcolor Info: Model `wave' substituted by `hsb' on input line 1373.
) (d:/texlive/2024/texmf-dist/tex/generic/pgf/basiclayer/pgfcore.code.tex
Package: pgfcore 2023-01-15 v3.1.10 (3.1.10)
 (d:/texlive/2024/texmf-dist/tex/generic/pgf/math/pgfmath.code.tex (d:/texlive/2024/texmf-dist/tex/generic/pgf/math/pgfmathutil.code.tex) (d:/texlive/2024/texmf-dist/tex/generic/pgf/math/pgfmathparser.code.tex
\pgfmath@dimen=\dimen192
\pgfmath@count=\count321
\pgfmath@box=\box64
\pgfmath@toks=\toks36
\pgfmath@stack@operand=\toks37
\pgfmath@stack@operation=\toks38
) (d:/texlive/2024/texmf-dist/tex/generic/pgf/math/pgfmathfunctions.code.tex) (d:/texlive/2024/texmf-dist/tex/generic/pgf/math/pgfmathfunctions.basic.code.tex) (d:/texlive/2024/texmf-dist/tex/generic/pgf/math/pgfmathfunctions.trigonometric.code.tex) (d:/texlive/2024/texmf-dist/tex/generic/pgf/math/pgfmathfunctions.random.code.tex) (d:/texlive/2024/texmf-dist/tex/generic/pgf/math/pgfmathfunctions.comparison.code.tex) (d:/texlive/2024/texmf-dist/tex/generic/pgf/math/pgfmathfunctions.base.code.tex) (d:/texlive/2024/texmf-dist/tex/generic/pgf/math/pgfmathfunctions.round.code.tex) (d:/texlive/2024/texmf-dist/tex/generic/pgf/math/pgfmathfunctions.misc.code.tex) (d:/texlive/2024/texmf-dist/tex/generic/pgf/math/pgfmathfunctions.integerarithmetics.code.tex) (d:/texlive/2024/texmf-dist/tex/generic/pgf/math/pgfmathcalc.code.tex) (d:/texlive/2024/texmf-dist/tex/generic/pgf/math/pgfmathfloat.code.tex
\c@pgfmathroundto@lastzeros=\count322
)) (d:/texlive/2024/texmf-dist/tex/generic/pgf/math/pgfint.code.tex) (d:/texlive/2024/texmf-dist/tex/generic/pgf/basiclayer/pgfcorepoints.code.tex
File: pgfcorepoints.code.tex 2023-01-15 v3.1.10 (3.1.10)
\pgf@picminx=\dimen193
\pgf@picmaxx=\dimen194
\pgf@picminy=\dimen195
\pgf@picmaxy=\dimen196
\pgf@pathminx=\dimen197
\pgf@pathmaxx=\dimen198
\pgf@pathminy=\dimen199
\pgf@pathmaxy=\dimen256
\pgf@xx=\dimen257
\pgf@xy=\dimen258
\pgf@yx=\dimen259
\pgf@yy=\dimen260
\pgf@zx=\dimen261
\pgf@zy=\dimen262
) (d:/texlive/2024/texmf-dist/tex/generic/pgf/basiclayer/pgfcorepathconstruct.code.tex
File: pgfcorepathconstruct.code.tex 2023-01-15 v3.1.10 (3.1.10)
\pgf@path@lastx=\dimen263
\pgf@path@lasty=\dimen264
) (d:/texlive/2024/texmf-dist/tex/generic/pgf/basiclayer/pgfcorepathusage.code.tex
File: pgfcorepathusage.code.tex 2023-01-15 v3.1.10 (3.1.10)
\pgf@shorten@end@additional=\dimen265
\pgf@shorten@start@additional=\dimen266
) (d:/texlive/2024/texmf-dist/tex/generic/pgf/basiclayer/pgfcorescopes.code.tex
File: pgfcorescopes.code.tex 2023-01-15 v3.1.10 (3.1.10)
\pgfpic=\box65
\pgf@hbox=\box66
\pgf@layerbox@main=\box67
\pgf@picture@serial@count=\count323
) (d:/texlive/2024/texmf-dist/tex/generic/pgf/basiclayer/pgfcoregraphicstate.code.tex
File: pgfcoregraphicstate.code.tex 2023-01-15 v3.1.10 (3.1.10)
\pgflinewidth=\dimen267
) (d:/texlive/2024/texmf-dist/tex/generic/pgf/basiclayer/pgfcoretransformations.code.tex
File: pgfcoretransformations.code.tex 2023-01-15 v3.1.10 (3.1.10)
\pgf@pt@x=\dimen268
\pgf@pt@y=\dimen269
\pgf@pt@temp=\dimen270
) (d:/texlive/2024/texmf-dist/tex/generic/pgf/basiclayer/pgfcorequick.code.tex
File: pgfcorequick.code.tex 2023-01-15 v3.1.10 (3.1.10)
) (d:/texlive/2024/texmf-dist/tex/generic/pgf/basiclayer/pgfcoreobjects.code.tex
File: pgfcoreobjects.code.tex 2023-01-15 v3.1.10 (3.1.10)
) (d:/texlive/2024/texmf-dist/tex/generic/pgf/basiclayer/pgfcorepathprocessing.code.tex
File: pgfcorepathprocessing.code.tex 2023-01-15 v3.1.10 (3.1.10)
) (d:/texlive/2024/texmf-dist/tex/generic/pgf/basiclayer/pgfcorearrows.code.tex
File: pgfcorearrows.code.tex 2023-01-15 v3.1.10 (3.1.10)
\pgfarrowsep=\dimen271
) (d:/texlive/2024/texmf-dist/tex/generic/pgf/basiclayer/pgfcoreshade.code.tex
File: pgfcoreshade.code.tex 2023-01-15 v3.1.10 (3.1.10)
\pgf@max=\dimen272
\pgf@sys@shading@range@num=\count324
\pgf@shadingcount=\count325
) (d:/texlive/2024/texmf-dist/tex/generic/pgf/basiclayer/pgfcoreimage.code.tex
File: pgfcoreimage.code.tex 2023-01-15 v3.1.10 (3.1.10)
) (d:/texlive/2024/texmf-dist/tex/generic/pgf/basiclayer/pgfcoreexternal.code.tex
File: pgfcoreexternal.code.tex 2023-01-15 v3.1.10 (3.1.10)
\pgfexternal@startupbox=\box68
) (d:/texlive/2024/texmf-dist/tex/generic/pgf/basiclayer/pgfcorelayers.code.tex
File: pgfcorelayers.code.tex 2023-01-15 v3.1.10 (3.1.10)
) (d:/texlive/2024/texmf-dist/tex/generic/pgf/basiclayer/pgfcoretransparency.code.tex
File: pgfcoretransparency.code.tex 2023-01-15 v3.1.10 (3.1.10)
) (d:/texlive/2024/texmf-dist/tex/generic/pgf/basiclayer/pgfcorepatterns.code.tex
File: pgfcorepatterns.code.tex 2023-01-15 v3.1.10 (3.1.10)
) (d:/texlive/2024/texmf-dist/tex/generic/pgf/basiclayer/pgfcorerdf.code.tex
File: pgfcorerdf.code.tex 2023-01-15 v3.1.10 (3.1.10)
))) (d:/texlive/2024/texmf-dist/tex/generic/pgf/modules/pgfmoduleshapes.code.tex
File: pgfmoduleshapes.code.tex 2023-01-15 v3.1.10 (3.1.10)
\pgfnodeparttextbox=\box69
) (d:/texlive/2024/texmf-dist/tex/generic/pgf/modules/pgfmoduleplot.code.tex
File: pgfmoduleplot.code.tex 2023-01-15 v3.1.10 (3.1.10)
) (d:/texlive/2024/texmf-dist/tex/latex/pgf/compatibility/pgfcomp-version-0-65.sty
Package: pgfcomp-version-0-65 2023-01-15 v3.1.10 (3.1.10)
\pgf@nodesepstart=\dimen273
\pgf@nodesepend=\dimen274
) (d:/texlive/2024/texmf-dist/tex/latex/pgf/compatibility/pgfcomp-version-1-18.sty
Package: pgfcomp-version-1-18 2023-01-15 v3.1.10 (3.1.10)
)) (d:/texlive/2024/texmf-dist/tex/latex/pgf/utilities/pgffor.sty (d:/texlive/2024/texmf-dist/tex/latex/pgf/utilities/pgfkeys.sty (d:/texlive/2024/texmf-dist/tex/generic/pgf/utilities/pgfkeys.code.tex)) (d:/texlive/2024/texmf-dist/tex/latex/pgf/math/pgfmath.sty (d:/texlive/2024/texmf-dist/tex/generic/pgf/math/pgfmath.code.tex)) (d:/texlive/2024/texmf-dist/tex/generic/pgf/utilities/pgffor.code.tex
Package: pgffor 2023-01-15 v3.1.10 (3.1.10)
\pgffor@iter=\dimen275
\pgffor@skip=\dimen276
\pgffor@stack=\toks39
\pgffor@toks=\toks40
)) (d:/texlive/2024/texmf-dist/tex/generic/pgf/frontendlayer/tikz/tikz.code.tex
Package: tikz 2023-01-15 v3.1.10 (3.1.10)
 (d:/texlive/2024/texmf-dist/tex/generic/pgf/libraries/pgflibraryplothandlers.code.tex
File: pgflibraryplothandlers.code.tex 2023-01-15 v3.1.10 (3.1.10)
\pgf@plot@mark@count=\count326
\pgfplotmarksize=\dimen277
)
\tikz@lastx=\dimen278
\tikz@lasty=\dimen279
\tikz@lastxsaved=\dimen280
\tikz@lastysaved=\dimen281
\tikz@lastmovetox=\dimen282
\tikz@lastmovetoy=\dimen283
\tikzleveldistance=\dimen284
\tikzsiblingdistance=\dimen285
\tikz@figbox=\box70
\tikz@figbox@bg=\box71
\tikz@tempbox=\box72
\tikz@tempbox@bg=\box73
\tikztreelevel=\count327
\tikznumberofchildren=\count328
\tikznumberofcurrentchild=\count329
\tikz@fig@count=\count330
 (d:/texlive/2024/texmf-dist/tex/generic/pgf/modules/pgfmodulematrix.code.tex
File: pgfmodulematrix.code.tex 2023-01-15 v3.1.10 (3.1.10)
\pgfmatrixcurrentrow=\count331
\pgfmatrixcurrentcolumn=\count332
\pgf@matrix@numberofcolumns=\count333
)
\tikz@expandcount=\count334
 (d:/texlive/2024/texmf-dist/tex/generic/pgf/frontendlayer/tikz/libraries/tikzlibrarytopaths.code.tex
File: tikzlibrarytopaths.code.tex 2023-01-15 v3.1.10 (3.1.10)
))) (d:/texlive/2024/texmf-dist/tex/latex/xkeyval/xkeyval.sty
Package: xkeyval 2022/06/16 v2.9 package option processing (HA)
 (d:/texlive/2024/texmf-dist/tex/generic/xkeyval/xkeyval.tex (d:/texlive/2024/texmf-dist/tex/generic/xkeyval/xkvutils.tex
\XKV@toks=\toks41
\XKV@tempa@toks=\toks42
)
\XKV@depth=\count335
File: xkeyval.tex 2014/12/03 v2.7a key=value parser (HA)
))) (./commands.tex
\c@appendix=\count336
) (./styles/general.tex) (./styles/toc.tex (d:/texlive/2024/texmf-dist/tex/latex/tocloft/tocloft.sty
Package: tocloft 2017/08/31 v2.3i parameterised ToC, etc., typesetting
Package tocloft Info: The document has section divisions on input line 51.
\cftparskip=\skip69
\cftbeforetoctitleskip=\skip70
\cftaftertoctitleskip=\skip71
\cftbeforepartskip=\skip72
\cftpartnumwidth=\skip73
\cftpartindent=\skip74
\cftbeforesecskip=\skip75
\cftsecindent=\skip76
\cftsecnumwidth=\skip77
\cftbeforesubsecskip=\skip78
\cftsubsecindent=\skip79
\cftsubsecnumwidth=\skip80
\cftbeforesubsubsecskip=\skip81
\cftsubsubsecindent=\skip82
\cftsubsubsecnumwidth=\skip83
\cftbeforeparaskip=\skip84
\cftparaindent=\skip85
\cftparanumwidth=\skip86
\cftbeforesubparaskip=\skip87
\cftsubparaindent=\skip88
\cftsubparanumwidth=\skip89
\cftbeforeloftitleskip=\skip90
\cftafterloftitleskip=\skip91
\cftbeforefigskip=\skip92
\cftfigindent=\skip93
\cftfignumwidth=\skip94
\c@lofdepth=\count337
\c@lotdepth=\count338
\cftbeforelottitleskip=\skip95
\cftafterlottitleskip=\skip96
\cftbeforetabskip=\skip97
\cfttabindent=\skip98
\cfttabnumwidth=\skip99
)) (./styles/titlestyle.tex (d:/texlive/2024/texmf-dist/tex/latex/titlesec/titlesec.sty
Package: titlesec 2023/10/27 v2.16 Sectioning titles
\ttl@box=\box74
\beforetitleunit=\skip100
\aftertitleunit=\skip101
\ttl@plus=\dimen286
\ttl@minus=\dimen287
\ttl@toksa=\toks43
\titlewidth=\dimen288
\titlewidthlast=\dimen289
\titlewidthfirst=\dimen290
)) (./styles/caption.tex (d:/texlive/2024/texmf-dist/tex/latex/caption/caption.sty
Package: caption 2023/08/05 v3.6o Customizing captions (AR)
 (d:/texlive/2024/texmf-dist/tex/latex/caption/caption3.sty
Package: caption3 2023/07/31 v2.4d caption3 kernel (AR)
\caption@tempdima=\dimen291
\captionmargin=\dimen292
\caption@leftmargin=\dimen293
\caption@rightmargin=\dimen294
\caption@width=\dimen295
\caption@indent=\dimen296
\caption@parindent=\dimen297
\caption@hangindent=\dimen298
Package caption Info: Standard document class detected.
)
\c@caption@flags=\count339
\c@continuedfloat=\count340
Package caption Info: float package is loaded.
Package caption Info: hyperref package is loaded.
Package caption Info: threeparttable package is loaded.
)) (./styles/lists.tex (d:/texlive/2024/texmf-dist/tex/latex/enumitem/enumitem.sty
Package: enumitem 2019/06/20 v3.9 Customized lists
\labelindent=\skip102
\enit@outerparindent=\dimen299
\enit@toks=\toks44
\enit@inbox=\box75
\enit@count@id=\count341
\enitdp@description=\count342
)
\c@referencesi=\count343
\enitdp@references=\count344
) (./styles/listings.tex (d:/texlive/2024/texmf-dist/tex/latex/listings/listings.sty
\lst@mode=\count345
\lst@gtempboxa=\box76
\lst@token=\toks45
\lst@length=\count346
\lst@currlwidth=\dimen300
\lst@column=\count347
\lst@pos=\count348
\lst@lostspace=\dimen301
\lst@width=\dimen302
\lst@newlines=\count349
\lst@lineno=\count350
\lst@maxwidth=\dimen303
 (d:/texlive/2024/texmf-dist/tex/latex/listings/lstpatch.sty
File: lstpatch.sty 2024/03/11 1.10a (Carsten Heinz)
) (d:/texlive/2024/texmf-dist/tex/latex/listings/lstmisc.sty
File: lstmisc.sty 2024/03/11 1.10a (Carsten Heinz)
\c@lstnumber=\count351
\lst@skipnumbers=\count352
\lst@framebox=\box77
) (d:/texlive/2024/texmf-dist/tex/latex/listings/listings.cfg
File: listings.cfg 2024/03/11 1.10a listings configuration
))
Package: listings 2024/03/11 1.10a (Carsten Heinz)
) (./custom.tex (d:/texlive/2024/texmf-dist/tex/latex/adjustbox/adjustbox.sty
Package: adjustbox 2022/10/17 v1.3a Adjusting TeX boxes (trim, clip, ...)
 (d:/texlive/2024/texmf-dist/tex/latex/adjustbox/adjcalc.sty
Package: adjcalc 2012/05/16 v1.1 Provides advanced setlength with multiple back-ends (calc, etex, pgfmath)
) (d:/texlive/2024/texmf-dist/tex/latex/adjustbox/trimclip.sty
Package: trimclip 2020/08/19 v1.2 Trim and clip general TeX material
 (d:/texlive/2024/texmf-dist/tex/latex/collectbox/collectbox.sty
Package: collectbox 2022/10/17 v0.4c Collect macro arguments as boxes
\collectedbox=\box78
)
\tc@llx=\dimen304
\tc@lly=\dimen305
\tc@urx=\dimen306
\tc@ury=\dimen307
Package trimclip Info: Using driver 'tc-xetex.def'.
 (d:/texlive/2024/texmf-dist/tex/latex/adjustbox/tc-xetex.def
File: tc-xetex.def 2019/01/04 v2.2 Clipping driver for xetex
))
\adjbox@Width=\dimen308
\adjbox@Height=\dimen309
\adjbox@Depth=\dimen310
\adjbox@Totalheight=\dimen311
\adjbox@pwidth=\dimen312
\adjbox@pheight=\dimen313
\adjbox@pdepth=\dimen314
\adjbox@ptotalheight=\dimen315
 (d:/texlive/2024/texmf-dist/tex/latex/ifoddpage/ifoddpage.sty
Package: ifoddpage 2022/10/18 v1.2 Conditionals for odd/even page detection
\c@checkoddpage=\count353
) (d:/texlive/2024/texmf-dist/tex/latex/varwidth/varwidth.sty
Package: varwidth 2009/03/30 ver 0.92;  Variable-width minipages
\@vwid@box=\box79
\sift@deathcycles=\count354
\@vwid@loff=\dimen316
\@vwid@roff=\dimen317
)))
\c@page@totc=\count355
\c@equation@totc=\count356
\c@figure@totc=\count357
\c@table@totc=\count358
\c@appendix@totc=\count359
 (output/note.aux (output/pages/title.example.aux) (output/pages/abstract.example.aux))
\openout1 = `note.aux'.

LaTeX Font Info:    Checking defaults for OML/cmm/m/it on input line 130.
LaTeX Font Info:    ... okay on input line 130.
LaTeX Font Info:    Checking defaults for OMS/cmsy/m/n on input line 130.
LaTeX Font Info:    ... okay on input line 130.
LaTeX Font Info:    Checking defaults for OT1/cmr/m/n on input line 130.
LaTeX Font Info:    ... okay on input line 130.
LaTeX Font Info:    Checking defaults for T1/cmr/m/n on input line 130.
LaTeX Font Info:    ... okay on input line 130.
LaTeX Font Info:    Checking defaults for TS1/cmr/m/n on input line 130.
LaTeX Font Info:    Trying to load font information for TS1+cmr on input line 130.
 (d:/texlive/2024/texmf-dist/tex/latex/base/ts1cmr.fd
File: ts1cmr.fd 2023/04/13 v2.5m Standard LaTeX font definitions
)
LaTeX Font Info:    ... okay on input line 130.
LaTeX Font Info:    Checking defaults for TU/lmr/m/n on input line 130.
LaTeX Font Info:    ... okay on input line 130.
LaTeX Font Info:    Checking defaults for OMX/cmex/m/n on input line 130.
LaTeX Font Info:    ... okay on input line 130.
LaTeX Font Info:    Checking defaults for U/cmr/m/n on input line 130.
LaTeX Font Info:    ... okay on input line 130.
LaTeX Font Info:    Checking defaults for PD1/pdf/m/n on input line 130.
LaTeX Font Info:    ... okay on input line 130.
LaTeX Font Info:    Checking defaults for PU/pdf/m/n on input line 130.
LaTeX Font Info:    ... okay on input line 130.

*geometry* driver: auto-detecting
*geometry* detected driver: xetex
*geometry* verbose mode - [ preamble ] result:
* driver: xetex
* paper: a4paper
* layout: <same size as paper>
* layoutoffset:(h,v)=(0.0pt,0.0pt)
* modes: 
* h-part:(L,W,R)=(71.13188pt, 497.92325pt, 28.45274pt)
* v-part:(T,H,B)=(42.67912pt, 759.6886pt, 42.67912pt)
* \paperwidth=597.50787pt
* \paperheight=845.04684pt
* \textwidth=497.92325pt
* \textheight=759.6886pt
* \oddsidemargin=-1.1381pt
* \evensidemargin=-1.1381pt
* \topmargin=-66.59087pt
* \headheight=12.0pt
* \headsep=25.0pt
* \topskip=10.0pt
* \footskip=30.0pt
* \marginparwidth=57.0pt
* \marginparsep=11.0pt
* \columnsep=10.0pt
* \skip\footins=9.0pt plus 4.0pt minus 2.0pt
* \hoffset=0.0pt
* \voffset=0.0pt
* \mag=1000
* \@twocolumnfalse
* \@twosidefalse
* \@mparswitchfalse
* \@reversemarginfalse
* (1in=72.27pt=25.4mm, 1cm=28.453pt)


Package fontspec Info: 
(fontspec)             Adjusting the maths setup (use [no-math] to avoid
(fontspec)             this).

\symlegacymaths=\mathgroup4
LaTeX Font Info:    Overwriting symbol font `legacymaths' in version `bold'
(Font)                  OT1/cmr/m/n --> OT1/cmr/bx/n on input line 130.
LaTeX Font Info:    Redeclaring math accent \acute on input line 130.
LaTeX Font Info:    Redeclaring math accent \grave on input line 130.
LaTeX Font Info:    Redeclaring math accent \ddot on input line 130.
LaTeX Font Info:    Redeclaring math accent \tilde on input line 130.
LaTeX Font Info:    Redeclaring math accent \bar on input line 130.
LaTeX Font Info:    Redeclaring math accent \breve on input line 130.
LaTeX Font Info:    Redeclaring math accent \check on input line 130.
LaTeX Font Info:    Redeclaring math accent \hat on input line 130.
LaTeX Font Info:    Redeclaring math accent \dot on input line 130.
LaTeX Font Info:    Redeclaring math accent \mathring on input line 130.
LaTeX Font Info:    Redeclaring math symbol \Gamma on input line 130.
LaTeX Font Info:    Redeclaring math symbol \Delta on input line 130.
LaTeX Font Info:    Redeclaring math symbol \Theta on input line 130.
LaTeX Font Info:    Redeclaring math symbol \Lambda on input line 130.
LaTeX Font Info:    Redeclaring math symbol \Xi on input line 130.
LaTeX Font Info:    Redeclaring math symbol \Pi on input line 130.
LaTeX Font Info:    Redeclaring math symbol \Sigma on input line 130.
LaTeX Font Info:    Redeclaring math symbol \Upsilon on input line 130.
LaTeX Font Info:    Redeclaring math symbol \Phi on input line 130.
LaTeX Font Info:    Redeclaring math symbol \Psi on input line 130.
LaTeX Font Info:    Redeclaring math symbol \Omega on input line 130.
LaTeX Font Info:    Redeclaring math symbol \mathdollar on input line 130.
LaTeX Font Info:    Redeclaring symbol font `operators' on input line 130.
LaTeX Font Info:    Encoding `OT1' has changed to `TU' for symbol font
(Font)              `operators' in the math version `normal' on input line 130.
LaTeX Font Info:    Overwriting symbol font `operators' in version `normal'
(Font)                  OT1/cmr/m/n --> TU/TimesNewRoman(0)/m/n on input line 130.
LaTeX Font Info:    Encoding `OT1' has changed to `TU' for symbol font
(Font)              `operators' in the math version `bold' on input line 130.
LaTeX Font Info:    Overwriting symbol font `operators' in version `bold'
(Font)                  OT1/cmr/bx/n --> TU/TimesNewRoman(0)/m/n on input line 130.
LaTeX Font Info:    Overwriting symbol font `operators' in version `normal'
(Font)                  TU/TimesNewRoman(0)/m/n --> TU/TimesNewRoman(0)/m/n on input line 130.
LaTeX Font Info:    Overwriting math alphabet `\mathit' in version `normal'
(Font)                  OT1/cmr/m/it --> TU/TimesNewRoman(0)/m/it on input line 130.
LaTeX Font Info:    Overwriting math alphabet `\mathbf' in version `normal'
(Font)                  OT1/cmr/bx/n --> TU/TimesNewRoman(0)/b/n on input line 130.
LaTeX Font Info:    Overwriting math alphabet `\mathsf' in version `normal'
(Font)                  OT1/cmss/m/n --> TU/lmss/m/n on input line 130.
LaTeX Font Info:    Overwriting math alphabet `\mathtt' in version `normal'
(Font)                  OT1/cmtt/m/n --> TU/lmtt/m/n on input line 130.
LaTeX Font Info:    Overwriting symbol font `operators' in version `bold'
(Font)                  TU/TimesNewRoman(0)/m/n --> TU/TimesNewRoman(0)/b/n on input line 130.
LaTeX Font Info:    Overwriting math alphabet `\mathit' in version `bold'
(Font)                  OT1/cmr/bx/it --> TU/TimesNewRoman(0)/b/it on input line 130.
LaTeX Font Info:    Overwriting math alphabet `\mathsf' in version `bold'
(Font)                  OT1/cmss/bx/n --> TU/lmss/b/n on input line 130.
LaTeX Font Info:    Overwriting math alphabet `\mathtt' in version `bold'
(Font)                  OT1/cmtt/m/n --> TU/lmtt/b/n on input line 130.
LaTeX Info: Redefining \th on input line 130.
Package hyperref Info: Link coloring OFF on input line 130.
(output/note.out) (output/note.out)
\@outlinefile=\write4
\openout4 = `note.out'.

Package caption Info: Begin \AtBeginDocument code.
Package caption Info: listings package is loaded.
Package caption Info: End \AtBeginDocument code.
\c@lstlisting=\count360
\openout2 = `pages/title.example.aux'.

 (./pages/title.example.tex [1


])
\openout2 = `pages/abstract.example.aux'.

 (./pages/abstract.example.tex (./pages/abstract.example/tags.tex)
Underfull \hbox (badness 1205) in paragraph at lines 2--33
[]\TU/TimesNewRoman(0)/m/n/14.4 ИНТЕРЕСЫ, ПАРКОВКА, ПОСЕТИТЕЛИ, ПРЕДСКАЗАНИЕ, СИСТЕ-
 []

(./pages/abstract.example/content.tex)) [1



] (output/note.toc)
\tf@toc=\write5
\openout5 = `note.toc'.

 [2


] (./pages/content.tex (./pages/content/introduction.tex) [3] (./pages/content/analysis.tex [4] [5] [6] [7] [8] [9] [10] [11] [12] [13] [14] [15] [16] [17] (./pages/content/techtask.tex
File: ./images/diag-precedent1.png Graphic file (type bmp)
<./images/diag-precedent1.png>
 [18]
Underfull \hbox (badness 7685) in paragraph at lines 124--125
[]\TU/TimesNewRoman(0)/m/n/14.4 Наименование разрабатываемого программного обеспечения: система
 []


Underfull \hbox (badness 1655) in paragraph at lines 131--132
[]\TU/TimesNewRoman(0)/m/n/14.4 Программа должна обеспечивать возможность выполнения следующих
 []

File: ./images/blank.png Graphic file (type bmp)
<./images/blank.png>
[19]) [20]) (./pages/content/struct.tex [21]
File: ./images/main_struct.png Graphic file (type bmp)
<./images/main_struct.png>


LaTeX Warning: `h' float specifier changed to `ht'.

File: ./images/main_struct_det.png Graphic file (type bmp)
<./images/main_struct_det.png>

LaTeX Warning: `h' float specifier changed to `ht'.

(./pages/content/struct_getdata.tex [22] [23]
File: ./images/file-cfg.png Graphic file (type bmp)
<./images/file-cfg.png>
 [24] [25]
File: ./images/getdate_struct.png Graphic file (type bmp)
<./images/getdate_struct.png>
File: ./images/getdate_struct_det.png Graphic file (type bmp)
<./images/getdate_struct_det.png>
 [26] [27] [28]
File: ./images/blank_alg.png Graphic file (type bmp)
<./images/blank_alg.png>

Underfull \hbox (badness 1325) in paragraph at lines 184--185
\TU/TimesNewRoman(0)/m/n/14.4 билей. Информацию о модели можно взять с различных сайтов, таких как
 []

[29]
File: ./images/check_robot.png Graphic file (type bmp)
<./images/check_robot.png>

Underfull \hbox (badness 1688) in paragraph at lines 195--196
[]\TU/TimesNewRoman(0)/m/n/14.4 Следовательно, работа будет происходить именно с Autoteka.ru (рису-
 []

File: ./images/autoteka.png Graphic file (type bmp)
<./images/autoteka.png>
[30] [31]
File: ./images/autoteka_info.png Graphic file (type bmp)
<./images/autoteka_info.png>

Underfull \hbox (badness 1067) in paragraph at lines 235--236
\TU/TimesNewRoman(0)/m/n/14.4 работы с текстом и регулярные выражения, например, встроенные функции
 []

[32]
File: ./images/search_alg.png Graphic file (type bmp)
<./images/search_alg.png>
 [33]
File: ./images/res_net.png Graphic file (type bmp)
<./images/res_net.png>
 [34]
File: ./images/test1-res-net.png Graphic file (type bmp)
<./images/test1-res-net.png>
 [35]
File: ./images/cnn-lstm.png Graphic file (type bmp)
<./images/cnn-lstm.png>


LaTeX Warning: `!h' float specifier changed to `!ht'.

File: ./images/test-cnn-lstm.png Graphic file (type bmp)
<./images/test-cnn-lstm.png>

LaTeX Warning: `!h' float specifier changed to `!ht'.

[36]
File: ./images/nomer-alg-main.png Graphic file (type bmp)
<./images/nomer-alg-main.png>


LaTeX Warning: `!h' float specifier changed to `!ht'.

[37]
File: ./images/nomer-alg-load.png Graphic file (type bmp)
<./images/nomer-alg-load.png>


LaTeX Warning: `!h' float specifier changed to `!ht'.

File: ./images/nomer-alg-split.png Graphic file (type bmp)
<./images/nomer-alg-split.png>

LaTeX Warning: `!h' float specifier changed to `!ht'.

File: ./images/nomer-alg-choose.png Graphic file (type bmp)
<./images/nomer-alg-choose.png>

LaTeX Warning: `!h' float specifier changed to `!ht'.

File: ./images/nomer-alg-recognize.png Graphic file (type bmp)
<./images/nomer-alg-recognize.png>

LaTeX Warning: `!h' float specifier changed to `!ht'.

) (./pages/content/neuro-pred.tex [38]

LaTeX Warning: Text page 39 contains only floats.

[39]

LaTeX Warning: Text page 40 contains only floats.

[40]

LaTeX Warning: Text page 41 contains only floats.

[41] [42] [43]
File: ./images/neuron.png Graphic file (type bmp)
<./images/neuron.png>
 [44] [45]
Underfull \hbox (badness 10000) in paragraph at lines 160--161
[]\TU/TimesNewRoman(0)/m/n/14.4 Если объект описывается не одним, а несколькими признаками
 []

[46] [47] [48]
File: ./images/neuro-struct.png Graphic file (type bmp)
<./images/neuro-struct.png>


LaTeX Warning: `!h' float specifier changed to `!ht'.

[49]
File: ./images/neuro-struct-det.png Graphic file (type bmp)
<./images/neuro-struct-det.png>
 [50]
File: ./images/neuro-learn.png Graphic file (type bmp)
<./images/neuro-learn.png>
 [51] [52] [53]
File: ./images/ns.png Graphic file (type bmp)
<./images/ns.png>
 [54]

LaTeX Warning: `!h' float specifier changed to `!ht'.

File: ./images/maket.png Graphic file (type bmp)
<./images/maket.png>

LaTeX Warning: `!h' float specifier changed to `!ht'.

File: ./images/neuro-alg.png Graphic file (type bmp)
<./images/neuro-alg.png>

LaTeX Warning: `!h' float specifier changed to `!ht'.

[55] [56])) (./pages/content/prg.tex [57]
File: ./images/diag-comp.png Graphic file (type bmp)
<./images/diag-comp.png>
 [58] [59] [60] [61]
Underfull \hbox (badness 4556) in paragraph at lines 107--108
[]\TU/TimesNewRoman(0)/m/n/14.4 путь к выбранному видеофайлу сохраняется в переменной
 []

[62] [63]
Underfull \hbox (badness 10000) in paragraph at lines 153--154
[]\TU/TimesNewRoman(0)/m/n/14.4 предобработка данных. Категориальный столбец
 []


Underfull \hbox (badness 10000) in paragraph at lines 153--154
\TU/TimesNewRoman(0)/m/n/14.4 ”Model”преобразуется в числовые значения с помощью метода
 []


Underfull \hbox (badness 7963) in paragraph at lines 153--154
\TU/TimesNewRoman(0)/m/n/14.4 OneHotEncoding из библиотеки sklearn. Нормализация числовых
 []


Underfull \hbox (badness 3815) in paragraph at lines 156--157
[]\TU/TimesNewRoman(0)/m/n/14.4 создание модели KerasClassifier. Создается модель KerasClassifier,
 []


Underfull \hbox (badness 1859) in paragraph at lines 156--157
\TU/TimesNewRoman(0)/m/n/14.4 обертка над моделью Keras, для использования с методом кросс-
 []


Underfull \hbox (badness 10000) in paragraph at lines 159--160
[]\TU/TimesNewRoman(0)/m/n/14.4 определение обратного вызова EarlyStopping. Обратный вызов
 []

[64]
Underfull \hbox (badness 10000) in paragraph at lines 162--163
[]\TU/TimesNewRoman(0)/m/n/14.4 оценка модели с лучшими параметрами. Лучшая модель из
 []

[65]
Underfull \hbox (badness 2126) in paragraph at lines 180--181
\TU/TimesNewRoman(0)/m/n/14.4 мает новые данные (модель и возраст) и преобразует их в фор-
 []

[66]
File: ./images/window1.png Graphic file (type bmp)
<./images/window1.png>
File: ./images/choose-pic.png Graphic file (type bmp)
<./images/choose-pic.png>


LaTeX Warning: `!h' float specifier changed to `!ht'.

File: ./images/recognize.png Graphic file (type bmp)
<./images/recognize.png>

LaTeX Warning: `!h' float specifier changed to `!ht'.

[67]
File: ./images/ident-model.png Graphic file (type bmp)
<./images/ident-model.png>


LaTeX Warning: `!h' float specifier changed to `!ht'.

File: ./images/blank-examp.png Graphic file (type bmp)
<./images/blank-examp.png>

LaTeX Warning: `!h' float specifier changed to `!ht'.

File: ./images/console-log.png Graphic file (type bmp)
<./images/console-log.png>

LaTeX Warning: `h' float specifier changed to `ht'.

[68]
File: ./images/dataset.png Graphic file (type bmp)
<./images/dataset.png>


LaTeX Warning: `!h' float specifier changed to `!ht'.

[69]
File: ./images/window2.png Graphic file (type bmp)
<./images/window2.png>
File: ./images/window2.1.png Graphic file (type bmp)
<./images/window2.1.png>


LaTeX Warning: `!h' float specifier changed to `!ht'.

[70]
File: ./images/window3.png Graphic file (type bmp)
<./images/window3.png>
File: ./images/res-mod-pred.png Graphic file (type bmp)
<./images/res-mod-pred.png>


LaTeX Warning: `!h' float specifier changed to `!ht'.

[71]) (./pages/content/conclusion.tex [72]) (./pages/content/appendixes.tex [73] [74] (./pages/authornote.example.tex) [75]
Missing character: There is no И (U+0418) in font [lmmono12-regular]:!
Missing character: There is no м (U+043C) in font [lmmono12-regular]:!
Missing character: There is no п (U+043F) in font [lmmono12-regular]:!
Missing character: There is no о (U+043E) in font [lmmono12-regular]:!
Missing character: There is no р (U+0440) in font [lmmono12-regular]:!
Missing character: There is no т (U+0442) in font [lmmono12-regular]:!
Missing character: There is no и (U+0438) in font [lmmono12-regular]:!
Missing character: There is no р (U+0440) in font [lmmono12-regular]:!
Missing character: There is no у (U+0443) in font [lmmono12-regular]:!
Missing character: There is no е (U+0435) in font [lmmono12-regular]:!
Missing character: There is no м (U+043C) in font [lmmono12-regular]:!
[76] [77] [78] [79] [80] [81] [82]
Missing character: There is no ​ (U+200B) in font [lmmono12-regular]:!
Missing character: There is no ​ (U+200B) in font [lmmono12-regular]:!
[83]
Missing character: There is no Ф (U+0424) in font [lmmono12-regular]:!
Missing character: There is no а (U+0430) in font [lmmono12-regular]:!
Missing character: There is no й (U+0439) in font [lmmono12-regular]:!
Missing character: There is no л (U+043B) in font [lmmono12-regular]:!
Missing character: There is no н (U+043D) in font [lmmono12-regular]:!
Missing character: There is no е (U+0435) in font [lmmono12-regular]:!
Missing character: There is no н (U+043D) in font [lmmono12-regular]:!
Missing character: There is no а (U+0430) in font [lmmono12-regular]:!
Missing character: There is no й (U+0439) in font [lmmono12-regular]:!
Missing character: There is no д (U+0434) in font [lmmono12-regular]:!
Missing character: There is no е (U+0435) in font [lmmono12-regular]:!
Missing character: There is no н (U+043D) in font [lmmono12-regular]:!
Missing character: There is no Н (U+041D) in font [lmmono12-regular]:!
Missing character: There is no е (U+0435) in font [lmmono12-regular]:!
Missing character: There is no п (U+043F) in font [lmmono12-regular]:!
Missing character: There is no р (U+0440) in font [lmmono12-regular]:!
Missing character: There is no а (U+0430) in font [lmmono12-regular]:!
Missing character: There is no в (U+0432) in font [lmmono12-regular]:!
Missing character: There is no и (U+0438) in font [lmmono12-regular]:!
Missing character: There is no л (U+043B) in font [lmmono12-regular]:!
Missing character: There is no ь (U+044C) in font [lmmono12-regular]:!
Missing character: There is no н (U+043D) in font [lmmono12-regular]:!
Missing character: There is no ы (U+044B) in font [lmmono12-regular]:!
Missing character: There is no й (U+0439) in font [lmmono12-regular]:!
Missing character: There is no ф (U+0444) in font [lmmono12-regular]:!
Missing character: There is no о (U+043E) in font [lmmono12-regular]:!
Missing character: There is no р (U+0440) in font [lmmono12-regular]:!
Missing character: There is no м (U+043C) in font [lmmono12-regular]:!
Missing character: There is no а (U+0430) in font [lmmono12-regular]:!
Missing character: There is no т (U+0442) in font [lmmono12-regular]:!
Missing character: There is no ф (U+0444) in font [lmmono12-regular]:!
Missing character: There is no а (U+0430) in font [lmmono12-regular]:!
Missing character: There is no й (U+0439) in font [lmmono12-regular]:!
Missing character: There is no л (U+043B) in font [lmmono12-regular]:!
Missing character: There is no а (U+0430) in font [lmmono12-regular]:!
Missing character: There is no О (U+041E) in font [lmmono12-regular]:!
Missing character: There is no ж (U+0436) in font [lmmono12-regular]:!
Missing character: There is no и (U+0438) in font [lmmono12-regular]:!
Missing character: There is no д (U+0434) in font [lmmono12-regular]:!
Missing character: There is no а (U+0430) in font [lmmono12-regular]:!
Missing character: There is no л (U+043B) in font [lmmono12-regular]:!
Missing character: There is no с (U+0441) in font [lmmono12-regular]:!
Missing character: There is no я (U+044F) in font [lmmono12-regular]:!
Missing character: There is no ф (U+0444) in font [lmmono12-regular]:!
Missing character: There is no а (U+0430) in font [lmmono12-regular]:!
Missing character: There is no й (U+0439) in font [lmmono12-regular]:!
Missing character: There is no л (U+043B) in font [lmmono12-regular]:!
Missing character: There is no с (U+0441) in font [lmmono12-regular]:!
Missing character: There is no р (U+0440) in font [lmmono12-regular]:!
Missing character: There is no а (U+0430) in font [lmmono12-regular]:!
Missing character: There is no с (U+0441) in font [lmmono12-regular]:!
Missing character: There is no ш (U+0448) in font [lmmono12-regular]:!
Missing character: There is no и (U+0438) in font [lmmono12-regular]:!
Missing character: There is no р (U+0440) in font [lmmono12-regular]:!
Missing character: There is no е (U+0435) in font [lmmono12-regular]:!
Missing character: There is no н (U+043D) in font [lmmono12-regular]:!
Missing character: There is no и (U+0438) in font [lmmono12-regular]:!
Missing character: There is no е (U+0435) in font [lmmono12-regular]:!
Missing character: There is no м (U+043C) in font [lmmono12-regular]:!
[84] [85] [86] [87] [88] [89] [90] [91] [92] [93]
Missing character: There is no О (U+041E) in font [lmmono12-regular]:!
Missing character: There is no ш (U+0448) in font [lmmono12-regular]:!
Missing character: There is no и (U+0438) in font [lmmono12-regular]:!
Missing character: There is no б (U+0431) in font [lmmono12-regular]:!
Missing character: There is no к (U+043A) in font [lmmono12-regular]:!
Missing character: There is no а (U+0430) in font [lmmono12-regular]:!
Missing character: There is no р (U+0440) in font [lmmono12-regular]:!
Missing character: There is no а (U+0430) in font [lmmono12-regular]:!
Missing character: There is no с (U+0441) in font [lmmono12-regular]:!
Missing character: There is no п (U+043F) in font [lmmono12-regular]:!
Missing character: There is no о (U+043E) in font [lmmono12-regular]:!
Missing character: There is no з (U+0437) in font [lmmono12-regular]:!
Missing character: There is no н (U+043D) in font [lmmono12-regular]:!
Missing character: There is no а (U+0430) in font [lmmono12-regular]:!
Missing character: There is no н (U+043D) in font [lmmono12-regular]:!
Missing character: There is no и (U+0438) in font [lmmono12-regular]:!
Missing character: There is no я (U+044F) in font [lmmono12-regular]:!
Missing character: There is no Н (U+041D) in font [lmmono12-regular]:!
Missing character: There is no Е (U+0415) in font [lmmono12-regular]:!
Missing character: There is no Р (U+0420) in font [lmmono12-regular]:!
Missing character: There is no А (U+0410) in font [lmmono12-regular]:!
Missing character: There is no С (U+0421) in font [lmmono12-regular]:!
Missing character: There is no П (U+041F) in font [lmmono12-regular]:!
Missing character: There is no О (U+041E) in font [lmmono12-regular]:!
Missing character: There is no З (U+0417) in font [lmmono12-regular]:!
Missing character: There is no Н (U+041D) in font [lmmono12-regular]:!
Missing character: There is no А (U+0410) in font [lmmono12-regular]:!
Missing character: There is no Н (U+041D) in font [lmmono12-regular]:!
Missing character: There is no О (U+041E) in font [lmmono12-regular]:!
Missing character: There is no О (U+041E) in font [lmmono12-regular]:!
Missing character: There is no ш (U+0448) in font [lmmono12-regular]:!
Missing character: There is no и (U+0438) in font [lmmono12-regular]:!
Missing character: There is no б (U+0431) in font [lmmono12-regular]:!
Missing character: There is no к (U+043A) in font [lmmono12-regular]:!
Missing character: There is no а (U+0430) in font [lmmono12-regular]:!
Missing character: There is no ф (U+0444) in font [lmmono12-regular]:!
Missing character: There is no о (U+043E) in font [lmmono12-regular]:!
Missing character: There is no р (U+0440) in font [lmmono12-regular]:!
Missing character: There is no м (U+043C) in font [lmmono12-regular]:!
Missing character: There is no а (U+0430) in font [lmmono12-regular]:!
Missing character: There is no т (U+0442) in font [lmmono12-regular]:!
Missing character: There is no а (U+0430) in font [lmmono12-regular]:!
Missing character: There is no Р (U+0420) in font [lmmono12-regular]:!
Missing character: There is no е (U+0435) in font [lmmono12-regular]:!
Missing character: There is no з (U+0437) in font [lmmono12-regular]:!
Missing character: There is no у (U+0443) in font [lmmono12-regular]:!
Missing character: There is no л (U+043B) in font [lmmono12-regular]:!
Missing character: There is no ь (U+044C) in font [lmmono12-regular]:!
Missing character: There is no т (U+0442) in font [lmmono12-regular]:!
Missing character: There is no а (U+0430) in font [lmmono12-regular]:!
Missing character: There is no т (U+0442) in font [lmmono12-regular]:!
[94] [95]
Missing character: There is no И (U+0418) in font [lmmono12-regular]:!
Missing character: There is no с (U+0441) in font [lmmono12-regular]:!
Missing character: There is no к (U+043A) in font [lmmono12-regular]:!
Missing character: There is no у (U+0443) in font [lmmono12-regular]:!
Missing character: There is no с (U+0441) in font [lmmono12-regular]:!
Missing character: There is no с (U+0441) in font [lmmono12-regular]:!
Missing character: There is no т (U+0442) in font [lmmono12-regular]:!
Missing character: There is no в (U+0432) in font [lmmono12-regular]:!
Missing character: There is no о (U+043E) in font [lmmono12-regular]:!
Missing character: There is no С (U+0421) in font [lmmono12-regular]:!
Missing character: There is no п (U+043F) in font [lmmono12-regular]:!
Missing character: There is no о (U+043E) in font [lmmono12-regular]:!
Missing character: There is no р (U+0440) in font [lmmono12-regular]:!
Missing character: There is no т (U+0442) in font [lmmono12-regular]:!
Missing character: There is no К (U+041A) in font [lmmono12-regular]:!
Missing character: There is no н (U+043D) in font [lmmono12-regular]:!
Missing character: There is no и (U+0438) in font [lmmono12-regular]:!
Missing character: There is no г (U+0433) in font [lmmono12-regular]:!
Missing character: There is no и (U+0438) in font [lmmono12-regular]:!
Missing character: There is no Ф (U+0424) in font [lmmono12-regular]:!
Missing character: There is no и (U+0438) in font [lmmono12-regular]:!
Missing character: There is no л (U+043B) in font [lmmono12-regular]:!
Missing character: There is no ь (U+044C) in font [lmmono12-regular]:!
Missing character: There is no м (U+043C) in font [lmmono12-regular]:!
Missing character: There is no ы (U+044B) in font [lmmono12-regular]:!
Missing character: There is no Н (U+041D) in font [lmmono12-regular]:!
Missing character: There is no а (U+0430) in font [lmmono12-regular]:!
Missing character: There is no у (U+0443) in font [lmmono12-regular]:!
Missing character: There is no к (U+043A) in font [lmmono12-regular]:!
Missing character: There is no а (U+0430) in font [lmmono12-regular]:!
Missing character: There is no П (U+041F) in font [lmmono12-regular]:!
Missing character: There is no у (U+0443) in font [lmmono12-regular]:!
Missing character: There is no т (U+0442) in font [lmmono12-regular]:!
Missing character: There is no е (U+0435) in font [lmmono12-regular]:!
Missing character: There is no ш (U+0448) in font [lmmono12-regular]:!
Missing character: There is no е (U+0435) in font [lmmono12-regular]:!
Missing character: There is no с (U+0441) in font [lmmono12-regular]:!
Missing character: There is no т (U+0442) in font [lmmono12-regular]:!
Missing character: There is no в (U+0432) in font [lmmono12-regular]:!
Missing character: There is no и (U+0438) in font [lmmono12-regular]:!
Missing character: There is no я (U+044F) in font [lmmono12-regular]:!
Missing character: There is no К (U+041A) in font [lmmono12-regular]:!
Missing character: There is no у (U+0443) in font [lmmono12-regular]:!
Missing character: There is no л (U+043B) in font [lmmono12-regular]:!
Missing character: There is no и (U+0438) in font [lmmono12-regular]:!
Missing character: There is no н (U+043D) in font [lmmono12-regular]:!
Missing character: There is no а (U+0430) in font [lmmono12-regular]:!
Missing character: There is no р (U+0440) in font [lmmono12-regular]:!
Missing character: There is no и (U+0438) in font [lmmono12-regular]:!
Missing character: There is no я (U+044F) in font [lmmono12-regular]:!
Missing character: There is no П (U+041F) in font [lmmono12-regular]:!
Missing character: There is no о (U+043E) in font [lmmono12-regular]:!
Missing character: There is no л (U+043B) in font [lmmono12-regular]:!
Missing character: There is no и (U+0438) in font [lmmono12-regular]:!
Missing character: There is no т (U+0442) in font [lmmono12-regular]:!
Missing character: There is no и (U+0438) in font [lmmono12-regular]:!
Missing character: There is no к (U+043A) in font [lmmono12-regular]:!
Missing character: There is no а (U+0430) in font [lmmono12-regular]:!
Missing character: There is no П (U+041F) in font [lmmono12-regular]:!
Missing character: There is no р (U+0440) in font [lmmono12-regular]:!
Missing character: There is no е (U+0435) in font [lmmono12-regular]:!
Missing character: There is no д (U+0434) in font [lmmono12-regular]:!
Missing character: There is no с (U+0441) in font [lmmono12-regular]:!
Missing character: There is no к (U+043A) in font [lmmono12-regular]:!
Missing character: There is no а (U+0430) in font [lmmono12-regular]:!
Missing character: There is no з (U+0437) in font [lmmono12-regular]:!
Missing character: There is no а (U+0430) in font [lmmono12-regular]:!
Missing character: There is no н (U+043D) in font [lmmono12-regular]:!
Missing character: There is no и (U+0438) in font [lmmono12-regular]:!
Missing character: There is no е (U+0435) in font [lmmono12-regular]:!
Missing character: There is no и (U+0438) in font [lmmono12-regular]:!
Missing character: There is no н (U+043D) in font [lmmono12-regular]:!
Missing character: There is no т (U+0442) in font [lmmono12-regular]:!
Missing character: There is no е (U+0435) in font [lmmono12-regular]:!
Missing character: There is no р (U+0440) in font [lmmono12-regular]:!
Missing character: There is no е (U+0435) in font [lmmono12-regular]:!
Missing character: There is no с (U+0441) in font [lmmono12-regular]:!
Missing character: There is no о (U+043E) in font [lmmono12-regular]:!
Missing character: There is no в (U+0432) in font [lmmono12-regular]:!
[96]
Missing character: There is no З (U+0417) in font [lmmono12-regular]:!
Missing character: There is no а (U+0430) in font [lmmono12-regular]:!
Missing character: There is no г (U+0433) in font [lmmono12-regular]:!
Missing character: There is no р (U+0440) in font [lmmono12-regular]:!
Missing character: There is no у (U+0443) in font [lmmono12-regular]:!
Missing character: There is no з (U+0437) in font [lmmono12-regular]:!
Missing character: There is no и (U+0438) in font [lmmono12-regular]:!
Missing character: There is no т (U+0442) in font [lmmono12-regular]:!
Missing character: There is no ь (U+044C) in font [lmmono12-regular]:!
Missing character: There is no в (U+0432) in font [lmmono12-regular]:!
Missing character: There is no и (U+0438) in font [lmmono12-regular]:!
Missing character: There is no д (U+0434) in font [lmmono12-regular]:!
Missing character: There is no е (U+0435) in font [lmmono12-regular]:!
Missing character: There is no о (U+043E) in font [lmmono12-regular]:!
Missing character: There is no Р (U+0420) in font [lmmono12-regular]:!
Missing character: There is no а (U+0430) in font [lmmono12-regular]:!
Missing character: There is no з (U+0437) in font [lmmono12-regular]:!
Missing character: There is no б (U+0431) in font [lmmono12-regular]:!
Missing character: There is no и (U+0438) in font [lmmono12-regular]:!
Missing character: There is no т (U+0442) in font [lmmono12-regular]:!
Missing character: There is no ь (U+044C) in font [lmmono12-regular]:!
Missing character: There is no н (U+043D) in font [lmmono12-regular]:!
Missing character: There is no а (U+0430) in font [lmmono12-regular]:!
Missing character: There is no к (U+043A) in font [lmmono12-regular]:!
Missing character: There is no а (U+0430) in font [lmmono12-regular]:!
Missing character: There is no д (U+0434) in font [lmmono12-regular]:!
Missing character: There is no р (U+0440) in font [lmmono12-regular]:!
Missing character: There is no ы (U+044B) in font [lmmono12-regular]:!
Missing character: There is no В (U+0412) in font [lmmono12-regular]:!
Missing character: There is no ы (U+044B) in font [lmmono12-regular]:!
Missing character: There is no б (U+0431) in font [lmmono12-regular]:!
Missing character: There is no р (U+0440) in font [lmmono12-regular]:!
Missing character: There is no а (U+0430) in font [lmmono12-regular]:!
Missing character: There is no т (U+0442) in font [lmmono12-regular]:!
Missing character: There is no ь (U+044C) in font [lmmono12-regular]:!
Missing character: There is no н (U+043D) in font [lmmono12-regular]:!
Missing character: There is no о (U+043E) in font [lmmono12-regular]:!
Missing character: There is no м (U+043C) in font [lmmono12-regular]:!
Missing character: There is no е (U+0435) in font [lmmono12-regular]:!
Missing character: There is no р (U+0440) in font [lmmono12-regular]:!
Missing character: There is no Р (U+0420) in font [lmmono12-regular]:!
Missing character: There is no а (U+0430) in font [lmmono12-regular]:!
Missing character: There is no с (U+0441) in font [lmmono12-regular]:!
Missing character: There is no п (U+043F) in font [lmmono12-regular]:!
Missing character: There is no о (U+043E) in font [lmmono12-regular]:!
Missing character: There is no з (U+0437) in font [lmmono12-regular]:!
Missing character: There is no н (U+043D) in font [lmmono12-regular]:!
Missing character: There is no а (U+0430) in font [lmmono12-regular]:!
Missing character: There is no т (U+0442) in font [lmmono12-regular]:!
Missing character: There is no ь (U+044C) in font [lmmono12-regular]:!
Missing character: There is no н (U+043D) in font [lmmono12-regular]:!
Missing character: There is no о (U+043E) in font [lmmono12-regular]:!
Missing character: There is no м (U+043C) in font [lmmono12-regular]:!
Missing character: There is no е (U+0435) in font [lmmono12-regular]:!
Missing character: There is no р (U+0440) in font [lmmono12-regular]:!
Missing character: There is no Н (U+041D) in font [lmmono12-regular]:!
Missing character: There is no о (U+043E) in font [lmmono12-regular]:!
Missing character: There is no м (U+043C) in font [lmmono12-regular]:!
Missing character: There is no е (U+0435) in font [lmmono12-regular]:!
Missing character: There is no р (U+0440) in font [lmmono12-regular]:!
[97]
Missing character: There is no В (U+0412) in font [lmmono12-regular]:!
Missing character: There is no ы (U+044B) in font [lmmono12-regular]:!
Missing character: There is no б (U+0431) in font [lmmono12-regular]:!
Missing character: There is no р (U+0440) in font [lmmono12-regular]:!
Missing character: There is no а (U+0430) in font [lmmono12-regular]:!
Missing character: There is no т (U+0442) in font [lmmono12-regular]:!
Missing character: There is no ь (U+044C) in font [lmmono12-regular]:!
Missing character: There is no ф (U+0444) in font [lmmono12-regular]:!
Missing character: There is no а (U+0430) in font [lmmono12-regular]:!
Missing character: There is no й (U+0439) in font [lmmono12-regular]:!
Missing character: There is no л (U+043B) in font [lmmono12-regular]:!
Missing character: There is no О (U+041E) in font [lmmono12-regular]:!
Missing character: There is no б (U+0431) in font [lmmono12-regular]:!
Missing character: There is no у (U+0443) in font [lmmono12-regular]:!
Missing character: There is no ч (U+0447) in font [lmmono12-regular]:!
Missing character: There is no и (U+0438) in font [lmmono12-regular]:!
Missing character: There is no т (U+0442) in font [lmmono12-regular]:!
Missing character: There is no ь (U+044C) in font [lmmono12-regular]:!
Missing character: There is no ф (U+0444) in font [lmmono12-regular]:!
Missing character: There is no а (U+0430) in font [lmmono12-regular]:!
Missing character: There is no й (U+0439) in font [lmmono12-regular]:!
Missing character: There is no л (U+043B) in font [lmmono12-regular]:!
Missing character: There is no н (U+043D) in font [lmmono12-regular]:!
Missing character: There is no е (U+0435) in font [lmmono12-regular]:!
Missing character: There is no в (U+0432) in font [lmmono12-regular]:!
Missing character: There is no ы (U+044B) in font [lmmono12-regular]:!
Missing character: There is no б (U+0431) in font [lmmono12-regular]:!
Missing character: There is no р (U+0440) in font [lmmono12-regular]:!
Missing character: There is no а (U+0430) in font [lmmono12-regular]:!
Missing character: There is no н (U+043D) in font [lmmono12-regular]:!
Missing character: There is no В (U+0412) in font [lmmono12-regular]:!
Missing character: There is no в (U+0432) in font [lmmono12-regular]:!
Missing character: There is no е (U+0435) in font [lmmono12-regular]:!
Missing character: There is no д (U+0434) in font [lmmono12-regular]:!
Missing character: There is no и (U+0438) in font [lmmono12-regular]:!
Missing character: There is no т (U+0442) in font [lmmono12-regular]:!
Missing character: There is no е (U+0435) in font [lmmono12-regular]:!
Missing character: There is no м (U+043C) in font [lmmono12-regular]:!
Missing character: There is no о (U+043E) in font [lmmono12-regular]:!
Missing character: There is no д (U+0434) in font [lmmono12-regular]:!
Missing character: There is no е (U+0435) in font [lmmono12-regular]:!
Missing character: There is no л (U+043B) in font [lmmono12-regular]:!
Missing character: There is no ь (U+044C) in font [lmmono12-regular]:!
Missing character: There is no В (U+0412) in font [lmmono12-regular]:!
Missing character: There is no в (U+0432) in font [lmmono12-regular]:!
Missing character: There is no е (U+0435) in font [lmmono12-regular]:!
Missing character: There is no д (U+0434) in font [lmmono12-regular]:!
Missing character: There is no и (U+0438) in font [lmmono12-regular]:!
Missing character: There is no т (U+0442) in font [lmmono12-regular]:!
Missing character: There is no е (U+0435) in font [lmmono12-regular]:!
Missing character: There is no в (U+0432) in font [lmmono12-regular]:!
Missing character: There is no о (U+043E) in font [lmmono12-regular]:!
Missing character: There is no з (U+0437) in font [lmmono12-regular]:!
Missing character: There is no р (U+0440) in font [lmmono12-regular]:!
Missing character: There is no а (U+0430) in font [lmmono12-regular]:!
Missing character: There is no с (U+0441) in font [lmmono12-regular]:!
Missing character: There is no т (U+0442) in font [lmmono12-regular]:!
[98]
Missing character: There is no П (U+041F) in font [lmmono12-regular]:!
Missing character: There is no о (U+043E) in font [lmmono12-regular]:!
Missing character: There is no л (U+043B) in font [lmmono12-regular]:!
Missing character: There is no у (U+0443) in font [lmmono12-regular]:!
Missing character: There is no ч (U+0447) in font [lmmono12-regular]:!
Missing character: There is no и (U+0438) in font [lmmono12-regular]:!
Missing character: There is no т (U+0442) in font [lmmono12-regular]:!
Missing character: There is no ь (U+044C) in font [lmmono12-regular]:!
Missing character: There is no В (U+0412) in font [lmmono12-regular]:!
Missing character: There is no ы (U+044B) in font [lmmono12-regular]:!
Missing character: There is no б (U+0431) in font [lmmono12-regular]:!
Missing character: There is no р (U+0440) in font [lmmono12-regular]:!
Missing character: There is no а (U+0430) in font [lmmono12-regular]:!
Missing character: There is no т (U+0442) in font [lmmono12-regular]:!
Missing character: There is no ь (U+044C) in font [lmmono12-regular]:!
Missing character: There is no ф (U+0444) in font [lmmono12-regular]:!
Missing character: There is no а (U+0430) in font [lmmono12-regular]:!
Missing character: There is no й (U+0439) in font [lmmono12-regular]:!
Missing character: There is no л (U+043B) in font [lmmono12-regular]:!
Missing character: There is no м (U+043C) in font [lmmono12-regular]:!
Missing character: There is no о (U+043E) in font [lmmono12-regular]:!
Missing character: There is no д (U+0434) in font [lmmono12-regular]:!
Missing character: There is no е (U+0435) in font [lmmono12-regular]:!
Missing character: There is no л (U+043B) in font [lmmono12-regular]:!
Missing character: There is no и (U+0438) in font [lmmono12-regular]:!
Missing character: There is no С (U+0421) in font [lmmono12-regular]:!
Missing character: There is no б (U+0431) in font [lmmono12-regular]:!
Missing character: There is no о (U+043E) in font [lmmono12-regular]:!
Missing character: There is no р (U+0440) in font [lmmono12-regular]:!
Missing character: There is no д (U+0434) in font [lmmono12-regular]:!
Missing character: There is no а (U+0430) in font [lmmono12-regular]:!
Missing character: There is no н (U+043D) in font [lmmono12-regular]:!
Missing character: There is no н (U+043D) in font [lmmono12-regular]:!
Missing character: There is no ы (U+044B) in font [lmmono12-regular]:!
Missing character: There is no х (U+0445) in font [lmmono12-regular]:!
Missing character: There is no О (U+041E) in font [lmmono12-regular]:!
Missing character: There is no б (U+0431) in font [lmmono12-regular]:!
Missing character: There is no у (U+0443) in font [lmmono12-regular]:!
Missing character: There is no ч (U+0447) in font [lmmono12-regular]:!
Missing character: There is no е (U+0435) in font [lmmono12-regular]:!
Missing character: There is no н (U+043D) in font [lmmono12-regular]:!
Missing character: There is no и (U+0438) in font [lmmono12-regular]:!
Missing character: There is no е (U+0435) in font [lmmono12-regular]:!
Missing character: There is no н (U+043D) in font [lmmono12-regular]:!
Missing character: There is no е (U+0435) in font [lmmono12-regular]:!
Missing character: There is no й (U+0439) in font [lmmono12-regular]:!
Missing character: There is no р (U+0440) in font [lmmono12-regular]:!
Missing character: There is no о (U+043E) in font [lmmono12-regular]:!
Missing character: There is no с (U+0441) in font [lmmono12-regular]:!
Missing character: There is no е (U+0435) in font [lmmono12-regular]:!
Missing character: There is no т (U+0442) in font [lmmono12-regular]:!
Missing character: There is no и (U+0438) in font [lmmono12-regular]:!
Missing character: There is no П (U+041F) in font [lmmono12-regular]:!
Missing character: There is no р (U+0440) in font [lmmono12-regular]:!
Missing character: There is no е (U+0435) in font [lmmono12-regular]:!
Missing character: There is no д (U+0434) in font [lmmono12-regular]:!
Missing character: There is no с (U+0441) in font [lmmono12-regular]:!
Missing character: There is no к (U+043A) in font [lmmono12-regular]:!
Missing character: There is no а (U+0430) in font [lmmono12-regular]:!
Missing character: There is no з (U+0437) in font [lmmono12-regular]:!
Missing character: There is no а (U+0430) in font [lmmono12-regular]:!
Missing character: There is no н (U+043D) in font [lmmono12-regular]:!
Missing character: There is no и (U+0438) in font [lmmono12-regular]:!
Missing character: There is no е (U+0435) in font [lmmono12-regular]:!
Missing character: There is no В (U+0412) in font [lmmono12-regular]:!
Missing character: There is no ы (U+044B) in font [lmmono12-regular]:!
Missing character: There is no б (U+0431) in font [lmmono12-regular]:!
Missing character: There is no е (U+0435) in font [lmmono12-regular]:!
Missing character: There is no р (U+0440) in font [lmmono12-regular]:!
Missing character: There is no и (U+0438) in font [lmmono12-regular]:!
Missing character: There is no т (U+0442) in font [lmmono12-regular]:!
Missing character: There is no е (U+0435) in font [lmmono12-regular]:!
Missing character: There is no ф (U+0444) in font [lmmono12-regular]:!
Missing character: There is no а (U+0430) in font [lmmono12-regular]:!
Missing character: There is no й (U+0439) in font [lmmono12-regular]:!
Missing character: There is no л (U+043B) in font [lmmono12-regular]:!
[99]
Missing character: There is no В (U+0412) in font [lmmono12-regular]:!
Missing character: There is no ы (U+044B) in font [lmmono12-regular]:!
Missing character: There is no б (U+0431) in font [lmmono12-regular]:!
Missing character: There is no р (U+0440) in font [lmmono12-regular]:!
Missing character: There is no а (U+0430) in font [lmmono12-regular]:!
Missing character: There is no н (U+043D) in font [lmmono12-regular]:!
Missing character: There is no н (U+043D) in font [lmmono12-regular]:!
Missing character: There is no ы (U+044B) in font [lmmono12-regular]:!
Missing character: There is no й (U+0439) in font [lmmono12-regular]:!
Missing character: There is no ф (U+0444) in font [lmmono12-regular]:!
Missing character: There is no а (U+0430) in font [lmmono12-regular]:!
Missing character: There is no й (U+0439) in font [lmmono12-regular]:!
Missing character: There is no л (U+043B) in font [lmmono12-regular]:!
Missing character: There is no В (U+0412) in font [lmmono12-regular]:!
Missing character: There is no ы (U+044B) in font [lmmono12-regular]:!
Missing character: There is no б (U+0431) in font [lmmono12-regular]:!
Missing character: There is no е (U+0435) in font [lmmono12-regular]:!
Missing character: There is no р (U+0440) in font [lmmono12-regular]:!
Missing character: There is no и (U+0438) in font [lmmono12-regular]:!
Missing character: There is no т (U+0442) in font [lmmono12-regular]:!
Missing character: There is no е (U+0435) in font [lmmono12-regular]:!
Missing character: There is no ф (U+0444) in font [lmmono12-regular]:!
Missing character: There is no а (U+0430) in font [lmmono12-regular]:!
Missing character: There is no й (U+0439) in font [lmmono12-regular]:!
Missing character: There is no л (U+043B) in font [lmmono12-regular]:!
Missing character: There is no м (U+043C) in font [lmmono12-regular]:!
Missing character: There is no о (U+043E) in font [lmmono12-regular]:!
Missing character: There is no д (U+0434) in font [lmmono12-regular]:!
Missing character: There is no е (U+0435) in font [lmmono12-regular]:!
Missing character: There is no л (U+043B) in font [lmmono12-regular]:!
Missing character: There is no и (U+0438) in font [lmmono12-regular]:!
[100]
Underfull \hbox (badness 10000) in paragraph at lines 958--959
[]\TU/TimesNewRoman(0)/m/n/14.4 Data Collection [Электронный ресурс] – Режим доступа:
 []


Underfull \hbox (badness 10000) in paragraph at lines 960--961
[]\TU/TimesNewRoman(0)/m/n/14.4 Анализ данных [Электронный ресурс] – Режим доступа:
 []


Underfull \hbox (badness 10000) in paragraph at lines 962--963
[]\TU/TimesNewRoman(0)/m/n/14.4 Визуализация данных [Электронный ресурс] – Режим доступа:
 []


Underfull \hbox (badness 10000) in paragraph at lines 968--969
[]\TU/TimesNewRoman(0)/m/n/14.4 Exploring ResNet50: An In-Depth Look at the Model Architecture
 []


Underfull \hbox (badness 10000) in paragraph at lines 968--969
\TU/TimesNewRoman(0)/m/n/14.4 and Code Implementation [Электронный ресурс] – Режим доступа:
 []


Underfull \hbox (badness 10000) in paragraph at lines 968--969
\TU/TimesNewRoman(0)/m/n/14.4 https://medium.com/@nitishkundu1993/exploring-resnet50-an-in-depth-look-at-the-
 []


Underfull \hbox (badness 2150) in paragraph at lines 968--969
\TU/TimesNewRoman(0)/m/n/14.4 model-architecture-and-code-implementation-d8d8fa67e46f, свободный. – Загл. с
 []


Underfull \hbox (badness 1552) in paragraph at lines 974--975
[]\TU/TimesNewRoman(0)/m/n/14.4 Метод обратного распространения ошибки [Электронный ресурс] – Ре-
 []


Underfull \hbox (badness 10000) in paragraph at lines 974--975
\TU/TimesNewRoman(0)/m/n/14.4 жим доступа: https://education.yandex.ru/handbook/ml/article/metod-obratnogo-
 []


Underfull \hbox (badness 4699) in paragraph at lines 976--977
[]\TU/TimesNewRoman(0)/m/n/14.4 Neurons in Neural Networks [Электронный ресурс] – Режим доступа:
 []


Underfull \hbox (badness 5862) in paragraph at lines 978--979
[]\TU/TimesNewRoman(0)/m/n/14.4 Наивный байесовский классификатор [Электронный ресурс] – Режим
 []

[101])) [102] (output/note.aux (output/pages/title.example.aux) (output/pages/abstract.example.aux))
 ***********
LaTeX2e <2023-11-01> patch level 1
L3 programming layer <2024-05-08>
 ***********
Package rerunfilecheck Info: File `note.out' has not changed.
(rerunfilecheck)             Checksum: 47F4113E87B1E77FB872D06080D2D310;5209.
 ) 
Here is how much of TeX's memory you used:
 30313 strings out of 474648
 606683 string characters out of 5758603
 2241559 words of memory out of 5000000
 52005 multiletter control sequences out of 15000+600000
 563509 words of font info for 80 fonts, out of 8000000 for 9000
 1348 hyphenation exceptions out of 8191
 89i,13n,120p,845b,1724s stack positions out of 10000i,1000n,20000p,200000b,200000s

Output written on output/note.xdv (103 pages, 1669264 bytes).
